<?xml version="1.0" encoding="UTF-8"?>
<!-- Generated by org.testng.reporters.JUnitXMLReporter -->
<testsuite hostname="DESKTOP-R5V0KV7" name="Default test" tests="3" failures="0" timestamp="9 Jul 2018 15:54:33 GMT" time="14.841" errors="0">
  <testcase name="ainvokebrowser" time="11.036" classname="testing.NewTest"/>
  <testcase name="bbasicauth" time="1.97" classname="testing.NewTest"/>
  <testcase name="checkhover" time="1.809" classname="testing.NewTest"/>
</testsuite> <!-- Default test -->
